Delphi Method Simulation Log - Started 2025-04-01 17:33:09.779430

[2025-04-01 17:33:09] INFO - System: Starting Delphi Method - Round One
[2025-04-01 17:33:09] INFO - System: Found profile for bugs-bunny at profiles/bugs-bunny.txt
[2025-04-01 17:33:09] INFO - System: Found questionnaire at initial-question.md
[2025-04-01 17:33:09] INFO - System: Generating response for bugs-bunny
[2025-04-01 17:33:09] INFO - System: Attempting API call (try 1/3)
[2025-04-01 17:33:31] INFO - System: Sample of raw response from API (first 200 chars): ```json
{
  "responses": [
    {
      "question": 1,
      "rating": 6,
      "position_summary": "Look, waking up a bunch of old warriors is like finding a rusty old cannon – it’s bound to cause som
[2025-04-01 17:33:31] INFO - System: Saved response for bugs-bunny
[2025-04-01 17:33:31] INFO - System: Successfully processed bugs-bunny
[2025-04-01 17:33:33] INFO - System: Found profile for rick-sanchez at profiles/rick-sanchez.txt
[2025-04-01 17:33:33] INFO - System: Found questionnaire at initial-question.md
[2025-04-01 17:33:33] INFO - System: Generating response for rick-sanchez
[2025-04-01 17:33:33] INFO - System: Attempting API call (try 1/3)
[2025-04-01 17:34:00] INFO - System: Sample of raw response from API (first 200 chars): ```json
{
  "responses": [
    {
      "question": 1,
      "rating": 6,
      "position_summary": "Look, it’s a chaotic mess waiting to happen. Immediate fallout? Total societal restructuring, likely
[2025-04-01 17:34:00] INFO - System: Saved response for rick-sanchez
[2025-04-01 17:34:00] INFO - System: Successfully processed rick-sanchez
[2025-04-01 17:34:02] INFO - System: Found profile for stewie-griffin at profiles/stewie-griffin.txt
[2025-04-01 17:34:02] INFO - System: Found questionnaire at initial-question.md
[2025-04-01 17:34:02] INFO - System: Generating response for stewie-griffin
[2025-04-01 17:34:02] INFO - System: Attempting API call (try 1/3)
[2025-04-01 17:34:32] INFO - System: Sample of raw response from API (first 200 chars): ```json
{
  "responses": [
    {
      "question": 1,
      "rating": 6,
      "position_summary": "Honestly, the potential chaos is rather… stimulating. Immediate disruption is guaranteed – a complet
[2025-04-01 17:34:32] WARNING - System: Added missing 'detailed_explanation' field to response 4 for stewie-griffin
[2025-04-01 17:34:32] WARNING - System: Added missing 'detailed_explanation' field to response 5 for stewie-griffin
[2025-04-01 17:34:32] WARNING - System: Added missing 'detailed_explanation' field to response 6 for stewie-griffin
[2025-04-01 17:34:32] INFO - System: Saved response for stewie-griffin
[2025-04-01 17:34:32] INFO - System: Successfully processed stewie-griffin
[2025-04-01 17:34:34] INFO - System: Found profile for doraemon at profiles/doraemon.txt
[2025-04-01 17:34:34] INFO - System: Found questionnaire at initial-question.md
[2025-04-01 17:34:34] INFO - System: Generating response for doraemon
[2025-04-01 17:34:34] INFO - System: Attempting API call (try 1/3)
[2025-04-01 17:34:56] INFO - System: Sample of raw response from API (first 200 chars): ```json
{
  "responses": [
    {
      "question": 1,
      "rating": 3,
      "position_summary": "Reviving them could create a huge ripple effect – maybe a burst of new ideas and inventions, but als
[2025-04-01 17:34:56] INFO - System: Saved response for doraemon
[2025-04-01 17:34:56] INFO - System: Successfully processed doraemon
[2025-04-01 17:34:58] INFO - System: Found profile for sandy-cheeks at profiles/sandy-cheeks.txt
[2025-04-01 17:34:58] INFO - System: Found questionnaire at initial-question.md
[2025-04-01 17:34:58] INFO - System: Generating response for sandy-cheeks
[2025-04-01 17:34:58] INFO - System: Attempting API call (try 1/3)
[2025-04-01 17:35:20] INFO - System: Sample of raw response from API (first 200 chars): ```json
{
  "responses": [
    {
      "question": 1,
      "rating": 3,
      "position_summary": "Reviving 'em is like kickin' open a can of worms. Short-term, you've got a power shift, potential co
[2025-04-01 17:35:20] INFO - System: Saved response for sandy-cheeks
[2025-04-01 17:35:20] INFO - System: Successfully processed sandy-cheeks
[2025-04-01 17:35:22] INFO - System: Found profile for yoda at profiles/yoda.txt
[2025-04-01 17:35:22] INFO - System: Found questionnaire at initial-question.md
[2025-04-01 17:35:22] INFO - System: Generating response for yoda
[2025-04-01 17:35:22] INFO - System: Attempting API call (try 1/3)
[2025-04-01 17:35:43] INFO - System: Sample of raw response from API (first 200 chars): ```json
{
  "responses": [
    {
      "question": 1,
      "rating": 3,
      "position_summary": "A ripple, this action will be, through time it will. Change, it will bring, and upheaval, certainly.
[2025-04-01 17:35:43] INFO - System: Saved response for yoda
[2025-04-01 17:35:43] INFO - System: Successfully processed yoda
[2025-04-01 17:35:45] INFO - System: Found profile for bender at profiles/bender.txt
[2025-04-01 17:35:45] INFO - System: Found questionnaire at initial-question.md
[2025-04-01 17:35:45] INFO - System: Generating response for bender
[2025-04-01 17:35:45] INFO - System: Attempting API call (try 1/3)
[2025-04-01 17:36:10] INFO - System: Sample of raw response from API (first 200 chars): ```json
{
  "responses": [
    {
      "question": 1,
      "rating": 6,
      "position_summary": "Alright, let's cut to the chase. Waking these guys up? Big mess. Short-term? Chaos. Long-term? Total
[2025-04-01 17:36:10] INFO - System: Saved response for bender
[2025-04-01 17:36:10] INFO - System: Successfully processed bender
[2025-04-01 17:36:12] INFO - System: Found profile for stimpy at profiles/stimpy.txt
[2025-04-01 17:36:12] INFO - System: Found questionnaire at initial-question.md
[2025-04-01 17:36:12] INFO - System: Generating response for stimpy
[2025-04-01 17:36:12] INFO - System: Attempting API call (try 1/3)
[2025-04-01 17:36:34] INFO - System: Sample of raw response from API (first 200 chars): ```json
{
  "responses": [
    {
      "question": 1,
      "rating": 6,
      "position_summary": "Oh my goodness! Wake them up? That’s… sparkly! It’ll be like a giant, sleepy surprise! But maybe… ma
[2025-04-01 17:36:34] INFO - System: Saved response for stimpy
[2025-04-01 17:36:34] INFO - System: Successfully processed stimpy
[2025-04-01 17:36:36] INFO - System: Found profile for lisa-simpson at profiles/lisa-simpson.txt
[2025-04-01 17:36:36] INFO - System: Found questionnaire at initial-question.md
[2025-04-01 17:36:36] INFO - System: Generating response for lisa-simpson
[2025-04-01 17:36:36] INFO - System: Attempting API call (try 1/3)
[2025-04-01 17:37:00] INFO - System: Sample of raw response from API (first 200 chars): ```json
{
  "responses": [
    {
      "question": 1,
      "rating": 3,
      "position_summary": "Reviving them could unleash chaos – immediate conflict due to outdated power dynamics and advanced w
[2025-04-01 17:37:00] WARNING - System: Added missing 'detailed_explanation' field to response 5 for lisa-simpson
[2025-04-01 17:37:00] INFO - System: Saved response for lisa-simpson
[2025-04-01 17:37:00] INFO - System: Successfully processed lisa-simpson
[2025-04-01 17:37:02] INFO - System: Found profile for twilight-sparkle at profiles/twilight-sparkle.txt
[2025-04-01 17:37:02] INFO - System: Found questionnaire at initial-question.md
[2025-04-01 17:37:02] INFO - System: Generating response for twilight-sparkle
[2025-04-01 17:37:02] INFO - System: Attempting API call (try 1/3)
[2025-04-01 17:37:27] INFO - System: Sample of raw response from API (first 200 chars): ```json
{
  "responses": [
    {
      "question": 1,
      "rating": 3,
      "position_summary": "Revival presents a cascade of possibilities, potentially disrupting established balances and creatin
[2025-04-01 17:37:27] INFO - System: Saved response for twilight-sparkle
[2025-04-01 17:37:27] INFO - System: Successfully processed twilight-sparkle
[2025-04-01 17:37:29] INFO - System: Round One complete. Results saved to delphi_round1/round1_responses.json
[2025-04-01 17:37:29] INFO - System: Successfully processed characters: bugs-bunny, rick-sanchez, stewie-griffin, doraemon, sandy-cheeks, yoda, bender, stimpy, lisa-simpson, twilight-sparkle
